<?xml version="1.0" encoding="UTF-8"?>
<testsuite xmlns:xsi="http://www.w3.org/2001/XMLSchema-instance" xsi:noNamespaceSchemaLocation="https://maven.apache.org/surefire/maven-surefire-plugin/xsd/surefire-test-report.xsd" name="usecases.aluno.UpdateAluno_ReturnsAbsentDataTest" time="0.121" tests="1" errors="0" skipped="0" failures="0">
  <properties>
    <property name="java.specification.version" value="14"/>
    <property name="sun.cpu.isalist" value="amd64"/>
    <property name="sun.jnu.encoding" value="Cp1252"/>
    <property name="java.class.path" value="C:\Users\Vitor Soares\Documents\FEI\CC8550-Projeto-SimulacaoTestesDeSoftware\target\test-classes;C:\Users\Vitor Soares\Documents\FEI\CC8550-Projeto-SimulacaoTestesDeSoftware\target\classes;C:\Users\Vitor Soares\.m2\repository\org\assertj\assertj-swing\3.17.1\assertj-swing-3.17.1.jar;C:\Users\Vitor Soares\.m2\repository\org\easytesting\fest-util\1.2.5\fest-util-1.2.5.jar;C:\Users\Vitor Soares\.m2\repository\org\junit\jupiter\junit-jupiter-params\5.9.0\junit-jupiter-params-5.9.0.jar;C:\Users\Vitor Soares\.m2\repository\org\apiguardian\apiguardian-api\1.1.2\apiguardian-api-1.1.2.jar;C:\Users\Vitor Soares\.m2\repository\org\junit\jupiter\junit-jupiter-api\5.9.1\junit-jupiter-api-5.9.1.jar;C:\Users\Vitor Soares\.m2\repository\org\opentest4j\opentest4j\1.2.0\opentest4j-1.2.0.jar;C:\Users\Vitor Soares\.m2\repository\org\junit\platform\junit-platform-commons\1.9.1\junit-platform-commons-1.9.1.jar;C:\Users\Vitor Soares\.m2\repository\org\assertj\assertj-core\3.23.1\assertj-core-3.23.1.jar;C:\Users\Vitor Soares\.m2\repository\net\bytebuddy\byte-buddy\1.12.10\byte-buddy-1.12.10.jar;C:\Users\Vitor Soares\.m2\repository\org\junit\vintage\junit-vintage-engine\5.7.0\junit-vintage-engine-5.7.0.jar;C:\Users\Vitor Soares\.m2\repository\org\junit\platform\junit-platform-engine\1.7.0\junit-platform-engine-1.7.0.jar;C:\Users\Vitor Soares\.m2\repository\junit\junit\4.13\junit-4.13.jar;C:\Users\Vitor Soares\.m2\repository\org\hamcrest\hamcrest-core\1.3\hamcrest-core-1.3.jar;C:\Users\Vitor Soares\.m2\repository\org\junit\jupiter\junit-jupiter-engine\5.7.0\junit-jupiter-engine-5.7.0.jar;C:\Users\Vitor Soares\.m2\repository\org\apache\maven\plugins\maven-compiler-plugin\3.8.1\maven-compiler-plugin-3.8.1.jar;C:\Users\Vitor Soares\.m2\repository\org\apache\maven\maven-plugin-api\3.0\maven-plugin-api-3.0.jar;C:\Users\Vitor Soares\.m2\repository\org\apache\maven\maven-model\3.0\maven-model-3.0.jar;C:\Users\Vitor Soares\.m2\repository\org\sonatype\sisu\sisu-inject-plexus\1.4.2\sisu-inject-plexus-1.4.2.jar;C:\Users\Vitor Soares\.m2\repository\org\sonatype\sisu\sisu-inject-bean\1.4.2\sisu-inject-bean-1.4.2.jar;C:\Users\Vitor Soares\.m2\repository\org\sonatype\sisu\sisu-guice\2.1.7\sisu-guice-2.1.7-noaop.jar;C:\Users\Vitor Soares\.m2\repository\org\apache\maven\maven-artifact\3.0\maven-artifact-3.0.jar;C:\Users\Vitor Soares\.m2\repository\org\apache\maven\maven-core\3.0\maven-core-3.0.jar;C:\Users\Vitor Soares\.m2\repository\org\apache\maven\maven-settings\3.0\maven-settings-3.0.jar;C:\Users\Vitor Soares\.m2\repository\org\apache\maven\maven-settings-builder\3.0\maven-settings-builder-3.0.jar;C:\Users\Vitor Soares\.m2\repository\org\apache\maven\maven-repository-metadata\3.0\maven-repository-metadata-3.0.jar;C:\Users\Vitor Soares\.m2\repository\org\apache\maven\maven-model-builder\3.0\maven-model-builder-3.0.jar;C:\Users\Vitor Soares\.m2\repository\org\apache\maven\maven-aether-provider\3.0\maven-aether-provider-3.0.jar;C:\Users\Vitor Soares\.m2\repository\org\sonatype\aether\aether-impl\1.7\aether-impl-1.7.jar;C:\Users\Vitor Soares\.m2\repository\org\sonatype\aether\aether-spi\1.7\aether-spi-1.7.jar;C:\Users\Vitor Soares\.m2\repository\org\sonatype\aether\aether-api\1.7\aether-api-1.7.jar;C:\Users\Vitor Soares\.m2\repository\org\sonatype\aether\aether-util\1.7\aether-util-1.7.jar;C:\Users\Vitor Soares\.m2\repository\org\codehaus\plexus\plexus-interpolation\1.14\plexus-interpolation-1.14.jar;C:\Users\Vitor Soares\.m2\repository\org\codehaus\plexus\plexus-classworlds\2.2.3\plexus-classworlds-2.2.3.jar;C:\Users\Vitor Soares\.m2\repository\org\codehaus\plexus\plexus-component-annotations\1.5.5\plexus-component-annotations-1.5.5.jar;C:\Users\Vitor Soares\.m2\repository\org\sonatype\plexus\plexus-sec-dispatcher\1.3\plexus-sec-dispatcher-1.3.jar;C:\Users\Vitor Soares\.m2\repository\org\sonatype\plexus\plexus-cipher\1.4\plexus-cipher-1.4.jar;C:\Users\Vitor Soares\.m2\repository\org\apache\maven\shared\maven-shared-utils\3.2.1\maven-shared-utils-3.2.1.jar;C:\Users\Vitor Soares\.m2\repository\commons-io\commons-io\2.5\commons-io-2.5.jar;C:\Users\Vitor Soares\.m2\repository\org\apache\maven\shared\maven-shared-incremental\1.1\maven-shared-incremental-1.1.jar;C:\Users\Vitor Soares\.m2\repository\org\codehaus\plexus\plexus-java\0.9.10\plexus-java-0.9.10.jar;C:\Users\Vitor Soares\.m2\repository\org\ow2\asm\asm\6.2\asm-6.2.jar;C:\Users\Vitor Soares\.m2\repository\com\thoughtworks\qdox\qdox\2.0-M8\qdox-2.0-M8.jar;C:\Users\Vitor Soares\.m2\repository\org\codehaus\plexus\plexus-compiler-api\2.8.4\plexus-compiler-api-2.8.4.jar;C:\Users\Vitor Soares\.m2\repository\org\codehaus\plexus\plexus-compiler-manager\2.8.4\plexus-compiler-manager-2.8.4.jar;C:\Users\Vitor Soares\.m2\repository\org\codehaus\plexus\plexus-compiler-javac\2.8.4\plexus-compiler-javac-2.8.4.jar;C:\Users\Vitor Soares\.m2\repository\org\codehaus\mojo\exec-maven-plugin\3.1.0\exec-maven-plugin-3.1.0.jar;C:\Users\Vitor Soares\.m2\repository\org\codehaus\plexus\plexus-utils\3.4.2\plexus-utils-3.4.2.jar;C:\Users\Vitor Soares\.m2\repository\org\apache\commons\commons-exec\1.3\commons-exec-1.3.jar;C:\Users\Vitor Soares\.m2\repository\db4o\db4o\7.4.106.13438\db4o-7.4.106.13438.jar;C:\Users\Vitor Soares\.m2\repository\com\toedter\jcalendar\1.4\jcalendar-1.4.jar;C:\Users\Vitor Soares\.m2\repository\com\jgoodies\jgoodies-forms\1.9.0\jgoodies-forms-1.9.0.jar;C:\Users\Vitor Soares\.m2\repository\com\jgoodies\jgoodies-common\1.8.1\jgoodies-common-1.8.1.jar;C:\Users\Vitor Soares\.m2\repository\com\cedarsoft\commons\swing\jgoodies\8.9.2\jgoodies-8.9.2.jar;C:\Users\Vitor Soares\.m2\repository\com\cedarsoft\dependencies-sets\annotations\8.9.2\annotations-8.9.2.jar;C:\Users\Vitor Soares\.m2\repository\com\google\code\findbugs\jsr305\3.0.2\jsr305-3.0.2.jar;C:\Users\Vitor Soares\.m2\repository\javax\inject\javax.inject\1\javax.inject-1.jar;C:\Users\Vitor Soares\.m2\repository\com\cedarsoft\annotations\8.9.2\annotations-8.9.2.jar;C:\Users\Vitor Soares\.m2\repository\com\jgoodies\jgoodies-binding\2.13.0\jgoodies-binding-2.13.0.jar;C:\Users\Vitor Soares\.m2\repository\com\jgoodies\jgoodies-validation\2.5.1\jgoodies-validation-2.5.1.jar;C:\Users\Vitor Soares\.m2\repository\net\java\dev\glazedlists\glazedlists_java16\1.10.0\glazedlists_java16-1.10.0.jar;C:\Users\Vitor Soares\.m2\repository\com\miglayout\miglayout-swing\5.2\miglayout-swing-5.2.jar;C:\Users\Vitor Soares\.m2\repository\com\miglayout\miglayout-core\5.2\miglayout-core-5.2.jar;C:\Users\Vitor Soares\.m2\repository\tablelayout\TableLayout\20050920\TableLayout-20050920.jar;C:\Users\Vitor Soares\.m2\repository\forms\forms\1.0\forms-1.0.jar;C:\Users\Vitor Soares\.m2\repository\jcalendar\jcalendar\1.3.3\jcalendar-1.3.3.jar;C:\Users\Vitor Soares\.m2\repository\PgsLookAndFeel\PgsLookAndFeel\1.0\PgsLookAndFeel-1.0.jar;C:\Users\Vitor Soares\.m2\repository\TableLayout\TableLayout\1.0\TableLayout-1.0.jar;C:\Users\Vitor Soares\.m2\repository\TableLayout-javadoc\TableLayout-javadoc\1.0\TableLayout-javadoc-1.0.jar;C:\Users\Vitor Soares\.m2\repository\TableLayout-src\TableLayout-src\1.0\TableLayout-src-1.0.jar;C:\Users\Vitor Soares\.m2\repository\genesis\backport175\1.1\backport175-1.1.jar;C:\Users\Vitor Soares\.m2\repository\genesis\genesis-annotation\3.2\genesis-annotation-3.2.jar;C:\Users\Vitor Soares\.m2\repository\genesis\genesis-client\3.2\genesis-client-3.2.jar;C:\Users\Vitor Soares\.m2\repository\genesis\genesis-client-swing\3.2\genesis-client-swing-3.2.jar;C:\Users\Vitor Soares\.m2\repository\genesis\genesis-shared-annotated\3.2\genesis-shared-annotated-3.2.jar;C:\Users\Vitor Soares\.m2\repository\genesis\commons-beanutils\1.7\commons-beanutils-1.7.jar;C:\Users\Vitor Soares\.m2\repository\genesis\commons-logging\1.1\commons-logging-1.1.jar;C:\Users\Vitor Soares\.m2\repository\genesis\reusable-components\1.0\reusable-components-1.0.jar;C:\Users\Vitor Soares\.m2\repository\org\hamcrest\hamcrest\2.2\hamcrest-2.2.jar;C:\Users\Vitor Soares\.m2\repository\org\mockito\mockito-core\2.21.0\mockito-core-2.21.0.jar;C:\Users\Vitor Soares\.m2\repository\net\bytebuddy\byte-buddy-agent\1.8.15\byte-buddy-agent-1.8.15.jar;C:\Users\Vitor Soares\.m2\repository\org\objenesis\objenesis\2.6\objenesis-2.6.jar;"/>
    <property name="java.vm.vendor" value="Oracle Corporation"/>
    <property name="sun.arch.data.model" value="64"/>
    <property name="user.variant" value=""/>
    <property name="java.vendor.url" value="https://java.oracle.com/"/>
    <property name="user.timezone" value="America/Sao_Paulo"/>
    <property name="os.name" value="Windows 10"/>
    <property name="java.vm.specification.version" value="14"/>
    <property name="sun.java.launcher" value="SUN_STANDARD"/>
    <property name="user.country" value="BR"/>
    <property name="sun.boot.library.path" value="C:\Program Files\Java\jdk-14.0.2\bin"/>
    <property name="sun.java.command" value="C:\Users\VITORS~1\AppData\Local\Temp\surefire11949949997068819405\surefirebooter11063622255168071939.jar C:\Users\Vitor Soares\AppData\Local\Temp\surefire11949949997068819405 2022-11-24T21-32-51_808-jvmRun1 surefire18290779202903667200tmp surefire_07648940101836531707tmp"/>
    <property name="jdk.debug" value="release"/>
    <property name="surefire.test.class.path" value="C:\Users\Vitor Soares\Documents\FEI\CC8550-Projeto-SimulacaoTestesDeSoftware\target\test-classes;C:\Users\Vitor Soares\Documents\FEI\CC8550-Projeto-SimulacaoTestesDeSoftware\target\classes;C:\Users\Vitor Soares\.m2\repository\org\assertj\assertj-swing\3.17.1\assertj-swing-3.17.1.jar;C:\Users\Vitor Soares\.m2\repository\org\easytesting\fest-util\1.2.5\fest-util-1.2.5.jar;C:\Users\Vitor Soares\.m2\repository\org\junit\jupiter\junit-jupiter-params\5.9.0\junit-jupiter-params-5.9.0.jar;C:\Users\Vitor Soares\.m2\repository\org\apiguardian\apiguardian-api\1.1.2\apiguardian-api-1.1.2.jar;C:\Users\Vitor Soares\.m2\repository\org\junit\jupiter\junit-jupiter-api\5.9.1\junit-jupiter-api-5.9.1.jar;C:\Users\Vitor Soares\.m2\repository\org\opentest4j\opentest4j\1.2.0\opentest4j-1.2.0.jar;C:\Users\Vitor Soares\.m2\repository\org\junit\platform\junit-platform-commons\1.9.1\junit-platform-commons-1.9.1.jar;C:\Users\Vitor Soares\.m2\repository\org\assertj\assertj-core\3.23.1\assertj-core-3.23.1.jar;C:\Users\Vitor Soares\.m2\repository\net\bytebuddy\byte-buddy\1.12.10\byte-buddy-1.12.10.jar;C:\Users\Vitor Soares\.m2\repository\org\junit\vintage\junit-vintage-engine\5.7.0\junit-vintage-engine-5.7.0.jar;C:\Users\Vitor Soares\.m2\repository\org\junit\platform\junit-platform-engine\1.7.0\junit-platform-engine-1.7.0.jar;C:\Users\Vitor Soares\.m2\repository\junit\junit\4.13\junit-4.13.jar;C:\Users\Vitor Soares\.m2\repository\org\hamcrest\hamcrest-core\1.3\hamcrest-core-1.3.jar;C:\Users\Vitor Soares\.m2\repository\org\junit\jupiter\junit-jupiter-engine\5.7.0\junit-jupiter-engine-5.7.0.jar;C:\Users\Vitor Soares\.m2\repository\org\apache\maven\plugins\maven-compiler-plugin\3.8.1\maven-compiler-plugin-3.8.1.jar;C:\Users\Vitor Soares\.m2\repository\org\apache\maven\maven-plugin-api\3.0\maven-plugin-api-3.0.jar;C:\Users\Vitor Soares\.m2\repository\org\apache\maven\maven-model\3.0\maven-model-3.0.jar;C:\Users\Vitor Soares\.m2\repository\org\sonatype\sisu\sisu-inject-plexus\1.4.2\sisu-inject-plexus-1.4.2.jar;C:\Users\Vitor Soares\.m2\repository\org\sonatype\sisu\sisu-inject-bean\1.4.2\sisu-inject-bean-1.4.2.jar;C:\Users\Vitor Soares\.m2\repository\org\sonatype\sisu\sisu-guice\2.1.7\sisu-guice-2.1.7-noaop.jar;C:\Users\Vitor Soares\.m2\repository\org\apache\maven\maven-artifact\3.0\maven-artifact-3.0.jar;C:\Users\Vitor Soares\.m2\repository\org\apache\maven\maven-core\3.0\maven-core-3.0.jar;C:\Users\Vitor Soares\.m2\repository\org\apache\maven\maven-settings\3.0\maven-settings-3.0.jar;C:\Users\Vitor Soares\.m2\repository\org\apache\maven\maven-settings-builder\3.0\maven-settings-builder-3.0.jar;C:\Users\Vitor Soares\.m2\repository\org\apache\maven\maven-repository-metadata\3.0\maven-repository-metadata-3.0.jar;C:\Users\Vitor Soares\.m2\repository\org\apache\maven\maven-model-builder\3.0\maven-model-builder-3.0.jar;C:\Users\Vitor Soares\.m2\repository\org\apache\maven\maven-aether-provider\3.0\maven-aether-provider-3.0.jar;C:\Users\Vitor Soares\.m2\repository\org\sonatype\aether\aether-impl\1.7\aether-impl-1.7.jar;C:\Users\Vitor Soares\.m2\repository\org\sonatype\aether\aether-spi\1.7\aether-spi-1.7.jar;C:\Users\Vitor Soares\.m2\repository\org\sonatype\aether\aether-api\1.7\aether-api-1.7.jar;C:\Users\Vitor Soares\.m2\repository\org\sonatype\aether\aether-util\1.7\aether-util-1.7.jar;C:\Users\Vitor Soares\.m2\repository\org\codehaus\plexus\plexus-interpolation\1.14\plexus-interpolation-1.14.jar;C:\Users\Vitor Soares\.m2\repository\org\codehaus\plexus\plexus-classworlds\2.2.3\plexus-classworlds-2.2.3.jar;C:\Users\Vitor Soares\.m2\repository\org\codehaus\plexus\plexus-component-annotations\1.5.5\plexus-component-annotations-1.5.5.jar;C:\Users\Vitor Soares\.m2\repository\org\sonatype\plexus\plexus-sec-dispatcher\1.3\plexus-sec-dispatcher-1.3.jar;C:\Users\Vitor Soares\.m2\repository\org\sonatype\plexus\plexus-cipher\1.4\plexus-cipher-1.4.jar;C:\Users\Vitor Soares\.m2\repository\org\apache\maven\shared\maven-shared-utils\3.2.1\maven-shared-utils-3.2.1.jar;C:\Users\Vitor Soares\.m2\repository\commons-io\commons-io\2.5\commons-io-2.5.jar;C:\Users\Vitor Soares\.m2\repository\org\apache\maven\shared\maven-shared-incremental\1.1\maven-shared-incremental-1.1.jar;C:\Users\Vitor Soares\.m2\repository\org\codehaus\plexus\plexus-java\0.9.10\plexus-java-0.9.10.jar;C:\Users\Vitor Soares\.m2\repository\org\ow2\asm\asm\6.2\asm-6.2.jar;C:\Users\Vitor Soares\.m2\repository\com\thoughtworks\qdox\qdox\2.0-M8\qdox-2.0-M8.jar;C:\Users\Vitor Soares\.m2\repository\org\codehaus\plexus\plexus-compiler-api\2.8.4\plexus-compiler-api-2.8.4.jar;C:\Users\Vitor Soares\.m2\repository\org\codehaus\plexus\plexus-compiler-manager\2.8.4\plexus-compiler-manager-2.8.4.jar;C:\Users\Vitor Soares\.m2\repository\org\codehaus\plexus\plexus-compiler-javac\2.8.4\plexus-compiler-javac-2.8.4.jar;C:\Users\Vitor Soares\.m2\repository\org\codehaus\mojo\exec-maven-plugin\3.1.0\exec-maven-plugin-3.1.0.jar;C:\Users\Vitor Soares\.m2\repository\org\codehaus\plexus\plexus-utils\3.4.2\plexus-utils-3.4.2.jar;C:\Users\Vitor Soares\.m2\repository\org\apache\commons\commons-exec\1.3\commons-exec-1.3.jar;C:\Users\Vitor Soares\.m2\repository\db4o\db4o\7.4.106.13438\db4o-7.4.106.13438.jar;C:\Users\Vitor Soares\.m2\repository\com\toedter\jcalendar\1.4\jcalendar-1.4.jar;C:\Users\Vitor Soares\.m2\repository\com\jgoodies\jgoodies-forms\1.9.0\jgoodies-forms-1.9.0.jar;C:\Users\Vitor Soares\.m2\repository\com\jgoodies\jgoodies-common\1.8.1\jgoodies-common-1.8.1.jar;C:\Users\Vitor Soares\.m2\repository\com\cedarsoft\commons\swing\jgoodies\8.9.2\jgoodies-8.9.2.jar;C:\Users\Vitor Soares\.m2\repository\com\cedarsoft\dependencies-sets\annotations\8.9.2\annotations-8.9.2.jar;C:\Users\Vitor Soares\.m2\repository\com\google\code\findbugs\jsr305\3.0.2\jsr305-3.0.2.jar;C:\Users\Vitor Soares\.m2\repository\javax\inject\javax.inject\1\javax.inject-1.jar;C:\Users\Vitor Soares\.m2\repository\com\cedarsoft\annotations\8.9.2\annotations-8.9.2.jar;C:\Users\Vitor Soares\.m2\repository\com\jgoodies\jgoodies-binding\2.13.0\jgoodies-binding-2.13.0.jar;C:\Users\Vitor Soares\.m2\repository\com\jgoodies\jgoodies-validation\2.5.1\jgoodies-validation-2.5.1.jar;C:\Users\Vitor Soares\.m2\repository\net\java\dev\glazedlists\glazedlists_java16\1.10.0\glazedlists_java16-1.10.0.jar;C:\Users\Vitor Soares\.m2\repository\com\miglayout\miglayout-swing\5.2\miglayout-swing-5.2.jar;C:\Users\Vitor Soares\.m2\repository\com\miglayout\miglayout-core\5.2\miglayout-core-5.2.jar;C:\Users\Vitor Soares\.m2\repository\tablelayout\TableLayout\20050920\TableLayout-20050920.jar;C:\Users\Vitor Soares\.m2\repository\forms\forms\1.0\forms-1.0.jar;C:\Users\Vitor Soares\.m2\repository\jcalendar\jcalendar\1.3.3\jcalendar-1.3.3.jar;C:\Users\Vitor Soares\.m2\repository\PgsLookAndFeel\PgsLookAndFeel\1.0\PgsLookAndFeel-1.0.jar;C:\Users\Vitor Soares\.m2\repository\TableLayout\TableLayout\1.0\TableLayout-1.0.jar;C:\Users\Vitor Soares\.m2\repository\TableLayout-javadoc\TableLayout-javadoc\1.0\TableLayout-javadoc-1.0.jar;C:\Users\Vitor Soares\.m2\repository\TableLayout-src\TableLayout-src\1.0\TableLayout-src-1.0.jar;C:\Users\Vitor Soares\.m2\repository\genesis\backport175\1.1\backport175-1.1.jar;C:\Users\Vitor Soares\.m2\repository\genesis\genesis-annotation\3.2\genesis-annotation-3.2.jar;C:\Users\Vitor Soares\.m2\repository\genesis\genesis-client\3.2\genesis-client-3.2.jar;C:\Users\Vitor Soares\.m2\repository\genesis\genesis-client-swing\3.2\genesis-client-swing-3.2.jar;C:\Users\Vitor Soares\.m2\repository\genesis\genesis-shared-annotated\3.2\genesis-shared-annotated-3.2.jar;C:\Users\Vitor Soares\.m2\repository\genesis\commons-beanutils\1.7\commons-beanutils-1.7.jar;C:\Users\Vitor Soares\.m2\repository\genesis\commons-logging\1.1\commons-logging-1.1.jar;C:\Users\Vitor Soares\.m2\repository\genesis\reusable-components\1.0\reusable-components-1.0.jar;C:\Users\Vitor Soares\.m2\repository\org\hamcrest\hamcrest\2.2\hamcrest-2.2.jar;C:\Users\Vitor Soares\.m2\repository\org\mockito\mockito-core\2.21.0\mockito-core-2.21.0.jar;C:\Users\Vitor Soares\.m2\repository\net\bytebuddy\byte-buddy-agent\1.8.15\byte-buddy-agent-1.8.15.jar;C:\Users\Vitor Soares\.m2\repository\org\objenesis\objenesis\2.6\objenesis-2.6.jar;"/>
    <property name="sun.cpu.endian" value="little"/>
    <property name="user.home" value="C:\Users\Vitor Soares"/>
    <property name="user.language" value="pt"/>
    <property name="java.specification.vendor" value="Oracle Corporation"/>
    <property name="java.version.date" value="2020-07-14"/>
    <property name="java.home" value="C:\Program Files\Java\jdk-14.0.2"/>
    <property name="file.separator" value="\"/>
    <property name="basedir" value="C:\Users\Vitor Soares\Documents\FEI\CC8550-Projeto-SimulacaoTestesDeSoftware"/>
    <property name="java.vm.compressedOopsMode" value="Zero based"/>
    <property name="line.separator" value="&#10;"/>
    <property name="java.vm.specification.vendor" value="Oracle Corporation"/>
    <property name="java.specification.name" value="Java Platform API Specification"/>
    <property name="surefire.real.class.path" value="C:\Users\VITORS~1\AppData\Local\Temp\surefire11949949997068819405\surefirebooter11063622255168071939.jar"/>
    <property name="user.script" value=""/>
    <property name="sun.management.compiler" value="HotSpot 64-Bit Tiered Compilers"/>
    <property name="java.runtime.version" value="14.0.2+12-46"/>
    <property name="user.name" value="Vitor Soares"/>
    <property name="path.separator" value=";"/>
    <property name="os.version" value="10.0"/>
    <property name="java.runtime.name" value="Java(TM) SE Runtime Environment"/>
    <property name="file.encoding" value="Cp1252"/>
    <property name="java.vm.name" value="Java HotSpot(TM) 64-Bit Server VM"/>
    <property name="localRepository" value="C:\Users\Vitor Soares\.m2\repository"/>
    <property name="java.vendor.url.bug" value="https://bugreport.java.com/bugreport/"/>
    <property name="java.io.tmpdir" value="C:\Users\VITORS~1\AppData\Local\Temp\"/>
    <property name="java.version" value="14.0.2"/>
    <property name="user.dir" value="C:\Users\Vitor Soares\Documents\FEI\CC8550-Projeto-SimulacaoTestesDeSoftware"/>
    <property name="os.arch" value="amd64"/>
    <property name="java.vm.specification.name" value="Java Virtual Machine Specification"/>
    <property name="sun.os.patch.level" value=""/>
    <property name="java.library.path" value="C:\Program Files\Java\jdk-14.0.2\bin;C:\Windows\Sun\Java\bin;C:\Windows\system32;C:\Windows;C:\Users\Vitor Soares\bin;C:\Program Files\Git\mingw64\bin;C:\Program Files\Git\usr\local\bin;C:\Program Files\Git\usr\bin;C:\Program Files\Git\usr\bin;C:\Program Files\Git\mingw64\bin;C:\Program Files\Git\usr\bin;C:\Users\Vitor Soares\bin;C:\Windows\system32;C:\Windows;C:\Windows\System32\Wbem;C:\Windows\System32\WindowsPowerShell\v1.0;C:\Windows\System32\OpenSSH;C:\Program Files\Docker\Docker\resources\bin;C:\ProgramData\DockerDesktop\version-bin;C:\Program Files\Git\cmd;C:\ProgramData\chocolatey\bin;C:\Program Files\nodejs\node_modules\npm\bin;C:\Users\Vitor Soares\AppData\Local\Programs\Python\Python310\python.exe;C:\Program Files (x86)\Google\Cloud SDK\google-cloud-sdk\bin;C:\kube;C:\Users\Vitor Soares\AppData\Roaming\nvm;C:\Program Files\nodejs;C:\Program Files (x86)\Tailscale IPN;C:\Program Files\PuTTY;C:\Users\Vitor Soares\AppData\Local\Programs\Python\Python310\Scripts;C:\Users\Vitor Soares\AppData\Local\Programs\Python\Python310;C:\Users\Vitor Soares\AppData\Local\Microsoft\WindowsApps;C:\Users\Vitor Soares\AppData\Local\Programs\Microsoft VS Code\bin;C:\Program Files\nodejs;C:\Program Files\nodejs\node_modules\npm\bin;C:\kube;C:\Users\Vitor Soares\AppData\Roaming\nvm;C:\Program Files\nodejs;C:\apache-maven-3.8.6\bin;C:\Users\Vitor Soares\AppData\Local\Packages\PythonSoftwareFoundation.Python.3.10_qbz5n2kfra8p0\LocalCache\local-packages\Python310\Scripts;C:\Program Files\Java\jdk-14.0.2\bin;C:\Program Files\Git\usr\bin\vendor_perl;C:\Program Files\Git\usr\bin\core_perl;."/>
    <property name="java.vm.info" value="mixed mode, sharing"/>
    <property name="java.vendor" value="Oracle Corporation"/>
    <property name="java.vm.version" value="14.0.2+12-46"/>
    <property name="sun.io.unicode.encoding" value="UnicodeLittle"/>
    <property name="java.class.version" value="58.0"/>
  </properties>
  <testcase name="ReturnsAbsentData" classname="usecases.aluno.UpdateAluno_ReturnsAbsentDataTest" time="0.1"/>
</testsuite>